<?xml version="1.0" encoding="UTF-8"?>
<!-- Generated by org.testng.reporters.JUnitXMLReporter -->
<testsuite hostname="NODE881" ignored="0" name="Command line test" tests="2" failures="1" timestamp="31 Jan 2018 12:20:30 GMT" time="0.188" errors="0">
  <testcase name="failTest" time="0.006" classname="c.ExtentReportsClassTest">
    <failure type="java.lang.AssertionError" message="expected [true] but found [false]">
      <![CDATA[java.lang.AssertionError: expected [true] but found [false]at c.ExtentReportsClassTest.failTest(ExtentReportsClassTest.java:34)... Removed 38 stack frames]]>
    </failure>
  </testcase> <!-- failTest -->
  <testcase name="passTest" time="0.001" classname="c.ExtentReportsClassTest"/>
</testsuite> <!-- Command line test -->
