<?xml version="1.0" encoding="UTF-8" ?>
<testsuite tests="2" failures="1" name="c.ExtentReportsClassTest" time="0.012" errors="0" skipped="0">
  <properties>
[...]
</properties>
  <testcase classname="c.ExtentReportsClassTest" name="failTest" time="0.012">
    <failure message="expected [true] but found [false]" type="java.lang.AssertionError">java.lang.AssertionError: expected [true] but found [false]
	at org.testng.Assert.fail(Assert.java:96)
	at org.testng.Assert.failNotEquals(Assert.java:776)
	at org.testng.Assert.assertTrue(Assert.java:44)
	at org.testng.Assert.assertTrue(Assert.java:54)
	at c.ExtentReportsClassTest.failTest(ExtentReportsClassTest.java:34)
</failure>
    <system-out>Configuring TestNG with: org.apache.maven.surefire.testng.conf.TestNG652Configurator@66cd51c3
********** 2
********** 1
********** 16666666666
</system-out>
  </testcase>
  <testcase classname="c.ExtentReportsClassTest" name="passTest" time="0"/>
</testsuite>